25.5
25.5
25.5
25.5
25.5
25.5
25.5
25.5
25.5
25.5
25.5
25.5
25.5
25.5
25.5
25.5
25.5
25.5
25.5
25.5
25.5
25.5
25.5
25.5
25.5
25.5
25.5
25.5
25.5
25.5
25.5
25.5
25.5
25.5
25.5
25.5
25.5
25.5
25.5
25.5
25.5
25.5
25.5
25.5
25.5
25.5
25.5
25.5
25.5
25.5
25.5
25.5
25.5
25.5
25.5
25.5
25.5
25.5
25.5
25.5
25.5
25.5
25.5
25.5
25.5
25.5
25.5
25.5
25.5
25.5
25.5
25.5
25.5
25.5
25.5
25.5
25.5
25.5
25.5
25.5
25.5
25.5
25.5
25.5
25.5
25.5
25.5
25.5
25.5
25.5
25.5
25.5
25.5
25.5
25.5
25.5
25.5
25.5
25.5
25.5
25.5
25.5
25.5
25.5
25.5
25.5
25.5
25.5
25.5
25.5
25.5
25.5
25.5
25.5
25.5
25.5
25.5
25.5
25.5
25.5
25.5
25.5
25.5
25.5
25.5
25.5
25.5
25.5
25.5
25.5
25.5
25.5
25.5
25.5
25.5
25.5
25.5
25.5
25.5
25.5
25.5
25.5
25.5
25.5
25.5
25.5
25.5
25.5
25.5
25.5
25.5
25.5
25.5
25.5
25.5
25.5
25.5
25.5
25.5
25.5
25.5
25.5
25.5
25.5
25.5
25.5
25.5
25.5
25.5
25.5
25.5
25.5
25.5
25.5
25.5
25.5
25.5
25.5
25.5
25.5
25.5
25.5
25.5
25.5
25.5
25.5
25.5
25.5
25.5
25.5
25.5
25.5
25.5
25.5
25.5
25.5
25.5
25.5
25.5
25.5
25.5
25.5
25.5
25.5
25.5
25.5
25.5
25.5
25.5
25.5
25.5
25.5
25.5
25.5
25.5
25.5
25.5
25.5
25.5
25.5
25.5
25.5
25.5
25.5
25.5
25.5
25.5
25.5
25.5
25.5
25.5
25.5
25.5
25.5
25.5
25.5
25.5
25.5
25.5
25.5
25.5
25.5
25.5
25.5
25.5
25.5
25.5
25.5
25.5
25.5
25.5
25.5
25.5
25.5
25.5
25.5
25.5
25.5
25.5
25.5
25.5
25.5
25.5
25.5
25.5
25.5
25.5
25.5
25.5
25.5
25.5
25.5
25.5
25.5
25.5
25.5
25.5
25.5
25.5
25.5
25.5
25.5
25.5
25.5
25.5
25.5
25.5
25.5
25.5
25.5
25.5
25.5
25.5
25.5
25.5
25.5
25.5
25.5
25.5
25.5
25.5
25.5
25.5
25.5
25.5
25.5
25.5
25.5
25.5
25.5
25.5
25.5
25.5
25.5
25.5
25.5
25.5
25.5
25.5
25.5
25.5
25.5
25.5
25.5
25.5
25.5
25.5
25.5
25.5
25.5
25.5
25.5
25.5
25.5
25.5
25.5
25.5
25.5
25.5
25.5
25.5
25.5
25.5
25.5
25.5
25.5
25.5
25.5
25.5
25.5
25.5
25.5
25.5
25.5
25.5
25.5
25.5
25.5
25.5
25.5
25.5
25.5
25.5
25.5
25.5
25.5
25.5
25.5
25.5
25.5
25.5
25.5
25.5
25.5
25.5
25.5
25.5
25.5
25.5
25.5
25.5
25.5
25.5
25.5
25.5
25.5
25.5
25.5
25.5
25.5
25.5
25.5
25.5
25.5
25.5
25.5
25.5
25.5
25.5
25.5
25.5
25.5
25.5
25.5
25.5
25.5
25.5
25.5
25.5
25.5
25.5
25.5
25.5
25.5
25.5
25.5
25.5
25.5
25.5
25.5
25.5
25.5
25.5
25.5
25.5
25.5
25.5
25.5
25.5
25.5
25.5
25.5
25.5
25.5
25.5
25.5
25.5
25.5
25.5
25.5
25.5
25.5
25.5
25.5
25.5
25.5
25.5
25.5
25.5
25.5
25.5
25.5
25.5
25.5
25.5
25.5
25.5
25.5
25.5
25.5
25.5
25.5
25.5
25.5
25.5
25.5
25.5
25.5
25.5
25.5
25.5
25.5
25.5
25.5
25.5
25.5
25.5
25.5
25.5
25.5
25.5
25.5
25.5
25.5
25.5
25.5
25.5
25.5
25.5
25.5
25.5
25.5
25.5
25.5
25.5
25.5
25.5
25.5
25.5
25.5
25.5
25.5
25.5
25.5
25.5
25.5
25.5
25.5
25.5
25.5
25.5
25.5
25.5
25.5
25.5
25.5
25.5
25.5
25.5
25.5
25.5
25.5
25.5
25.5
25.5
25.5
25.5
25.5
25.5
25.5
25.5
25.5
25.5
25.5
25.5
25.5
25.5
25.5
25.5
25.5
25.5
25.5
25.5
25.5
25.5
25.5
25.5
25.5
25.5
25.5
25.5
25.5
25.5
25.5
25.5
25.5
25.5
25.5
25.5
25.5
25.5
25.5
25.5
25.5
25.5
25.5
25.5
25.5
25.5
25.5
25.5
25.5
25.5
25.5
25.5
25.5
25.5
25.5
25.5
25.5
25.5
25.5
25.5
25.5
25.5
25.5
25.5
25.5
25.5
25.5
25.5
25.5
25.5
25.5
25.5
25.5
25.5
25.5
25.5
25.5
25.5
25.5
25.5
25.5
25.5
25.5
25.5
25.5
25.5
25.5
25.5
25.5
25.5
25.5
25.5
25.5
25.5
25.5
25.5
25.5
25.5
25.5
25.5
25.5
25.5
25.5
25.5
25.5
25.5
25.5
25.5
25.5
25.5
25.5
25.5
25.5
25.5
25.5
25.5
25.5
25.5
25.5
25.5
25.5
25.5
25.5
25.5
25.5
25.5
25.5
25.5
25.5
25.5
25.5
25.5
25.5
25.5
25.5
25.5
25.5
25.5
25.5
25.5
25.5
25.5
25.5
25.5
25.5
25.5
25.5
25.5
25.5
25.5
25.5
25.5
25.5
25.5
25.5
25.5
25.5
25.5
25.5
25.5
25.5
25.5
25.5
25.5
25.5
25.5
25.5
25.5
25.5
25.5
25.5
25.5
25.5
25.5
25.5
22.80
21.37
23.29
29.08
20.20
20.82
19.65
29.28
21.37
18.16
16.97
28.83
24.22
21.76
22.45
25.83
19.42
18.40
17.96
28.68
23.03
15.09
25.96
16.02
17.42
15.76
25.15
26.78
19.98
15.08
22.35
16.36
17.33
10.27
10.70
19.90
29.68
12.98
27.36
23.36
10.53
17.10
26.06
13.17
26.42
17.06
28.03
20.73
21.70
22.62
23.64
19.45
18.40
19.64
21.18
21.05
18.45
10.17
17.28
10.96
10.54
29.05
18.08
12.27
29.60
17.90
25.89
18.03
18.04
28.52
12.30
23.74
11.84
13.99
13.18
22.55
26.05
17.45
18.60
19.63
19.70
18.84
20.75
23.71
20.16
27.30
25.37
19.34
11.63
22.12
29.68
25.72
17.93
14.63
15.21
22.74
21.90
19.37
15.44
20.43
21.25
21.39
21.91
19.98
21.04
25.97
23.94
17.05
19.75
27.37
26.75
19.79
12.06
22.19
28.99
24.56
21.15
11.72
11.91
15.59
25.62
14.58
22.54
14.31
25.22
13.39
28.87
10.67
19.41
25.39
13.20
21.73
11.42
24.02
12.31
22.03
21.82
13.90
27.32
17.45
29.00
12.77
14.61
20.80
24.82
15.74
15.76
15.64
17.42
25.06
10.09
21.89
24.77
20.63
10.55
26.79
28.32
27.23
13.96
14.88
17.82
23.61
26.16
28.71
19.38
14.38
15.90
17.91
12.48
24.76
10.35
11.39
23.20
24.36
25.93
22.97
26.96
29.81
22.52
19.81
20.51
20.03
29.86
29.23
16.17
29.10
26.40
18.01
10.91
22.59
12.02
10.09
15.79
27.73
15.12
14.03
20.50
25.73
15.11
16.09
26.25
16.36
26.00
18.16
13.93
13.30
11.64
24.91
11.08
16.11
27.29
17.74
24.96
24.77
27.90
11.43
23.81
23.74
23.65
18.73
26.05
13.89
14.79
26.23
16.02
21.08
28.40
15.16
26.21
22.99
22.38
27.99
17.26
12.45
17.45
23.06
28.56
14.24
17.07
11.14
10.92
15.28
20.73
23.63
11.57
25.87
23.11
18.72
20.39
16.71
19.76
12.91
10.12
21.70
16.32
23.90
17.28
11.33
29.98
14.99
28.55
11.78
22.38
27.13
19.56
24.53
17.69
13.38
11.06
26.25
25.08
14.61
21.58
14.43
24.31
16.22
29.22
20.33
11.38
17.35
26.60
22.46
10.08
24.53
21.72
22.62
21.54
21.41
18.73
21.96
22.78
26.65
11.22
26.94
13.66
28.91
14.75
20.49
10.83
13.55
21.01
27.53
28.04
22.62
23.02
13.13
28.80
12.56
11.18
17.64
11.12
18.88
24.58
13.99
14.93
12.03
17.24
19.31
16.86
26.48
16.50
23.82
18.50
29.49
13.13
28.70
12.39
29.07
17.41
13.53
14.31
15.61
29.15
20.20
28.83
10.82
20.07
16.11
14.28
14.29
14.44
21.30
23.83
13.25
13.83
14.55
16.36
16.07
21.76
15.93
24.16
17.75
29.22
28.10
25.62
27.44
29.31
16.26
27.84
16.77
17.06
27.04
29.86
11.20
29.88
22.95
18.42
18.29
10.06
23.42
22.62
27.65
27.13
13.72
13.99
11.28
18.86
12.66
15.80
11.82
19.02
15.59
20.94
12.14
27.84
18.61
14.40
24.07
20.97
22.82
29.81
11.97
28.09
12.08
13.49
29.09
16.29
18.36
25.80
17.37
20.20
20.23
27.51
18.49
16.05
18.86
21.72
19.65
29.02
24.52
26.41
16.62
16.42
10.44
22.71
25.00
18.29
19.50
11.91
12.51
20.56
28.04
11.08
13.03
22.35
25.04
20.60
12.66
25.14
18.07
20.51
16.32
15.11
12.04
16.91
22.26
24.20
19.63
10.10
18.36
16.12
26.63
28.19
29.88
27.60
24.07
25.56
12.49
28.94
22.58
14.55
13.05
16.61
13.10
15.13
24.15
19.13
12.48
13.27
27.41
24.35
12.66
17.66
11.75
11.85
27.06
20.59
16.56
20.74
12.92
10.31
18.30
24.38
15.65
20.40
18.14
22.28
21.57
16.06
24.14
28.06
12.43
20.44
23.06
16.38
10.64
20.85
